<?xml version="1.0" encoding="UTF-8"?>
<testsuite xmlns:xsi="http://www.w3.org/2001/XMLSchema-instance" xsi:noNamespaceSchemaLocation="https://maven.apache.org/surefire/maven-surefire-plugin/xsd/surefire-test-report-3.0.xsd" version="3.0" name="com.redhat.training.operation.MultiplyTest" time="2.497" tests="2" errors="0" skipped="0" failures="0">
  <properties>
    <property name="gopherProxySet" value="false"/>
    <property name="awt.toolkit" value="sun.lwawt.macosx.LWCToolkit"/>
    <property name="java.specification.version" value="11"/>
    <property name="sun.cpu.isalist" value=""/>
    <property name="test.url" value="http://0.0.0.0:8081"/>
    <property name="sun.jnu.encoding" value="UTF-8"/>
    <property name="java.class.path" value="/Users/jordisola/Projects/RedHatTraining/DO400-apps/calculator-monolith-solution/target/test-classes:/Users/jordisola/Projects/RedHatTraining/DO400-apps/calculator-monolith-solution/target/classes:/Users/jordisola/.m2/repository/io/quarkus/quarkus-resteasy/1.7.6.Final-redhat-00014/quarkus-resteasy-1.7.6.Final-redhat-00014.jar:/Users/jordisola/.m2/repository/io/quarkus/quarkus-vertx-http/1.7.6.Final-redhat-00014/quarkus-vertx-http-1.7.6.Final-redhat-00014.jar:/Users/jordisola/.m2/repository/io/quarkus/quarkus-security-runtime-spi/1.7.6.Final-redhat-00014/quarkus-security-runtime-spi-1.7.6.Final-redhat-00014.jar:/Users/jordisola/.m2/repository/io/quarkus/quarkus-development-mode-spi/1.7.6.Final-redhat-00014/quarkus-development-mode-spi-1.7.6.Final-redhat-00014.jar:/Users/jordisola/.m2/repository/io/quarkus/security/quarkus-security/1.1.2.Final-redhat-00001/quarkus-security-1.1.2.Final-redhat-00001.jar:/Users/jordisola/.m2/repository/io/smallrye/reactive/mutiny/0.7.0.redhat-00001/mutiny-0.7.0.redhat-00001.jar:/Users/jordisola/.m2/repository/org/reactivestreams/reactive-streams/1.0.3.redhat-00003/reactive-streams-1.0.3.redhat-00003.jar:/Users/jordisola/.m2/repository/jakarta/enterprise/jakarta.enterprise.cdi-api/2.0.2.redhat-00002/jakarta.enterprise.cdi-api-2.0.2.redhat-00002.jar:/Users/jordisola/.m2/repository/jakarta/el/jakarta.el-api/3.0.3.redhat-00002/jakarta.el-api-3.0.3.redhat-00002.jar:/Users/jordisola/.m2/repository/jakarta/interceptor/jakarta.interceptor-api/1.2.5.redhat-00002/jakarta.interceptor-api-1.2.5.redhat-00002.jar:/Users/jordisola/.m2/repository/io/quarkus/quarkus-vertx-core/1.7.6.Final-redhat-00014/quarkus-vertx-core-1.7.6.Final-redhat-00014.jar:/Users/jordisola/.m2/repository/io/quarkus/quarkus-netty/1.7.6.Final-redhat-00014/quarkus-netty-1.7.6.Final-redhat-00014.jar:/Users/jordisola/.m2/repository/io/netty/netty-codec/4.1.49.Final-redhat-00001/netty-codec-4.1.49.Final-redhat-00001.jar:/Users/jordisola/.m2/repository/io/netty/netty-handler/4.1.49.Final-redhat-00001/netty-handler-4.1.49.Final-redhat-00001.jar:/Users/jordisola/.m2/repository/io/vertx/vertx-core/3.9.5.redhat-00002/vertx-core-3.9.5.redhat-00002.jar:/Users/jordisola/.m2/repository/io/netty/netty-common/4.1.49.Final-redhat-00001/netty-common-4.1.49.Final-redhat-00001.jar:/Users/jordisola/.m2/repository/io/netty/netty-buffer/4.1.49.Final-redhat-00001/netty-buffer-4.1.49.Final-redhat-00001.jar:/Users/jordisola/.m2/repository/io/netty/netty-transport/4.1.49.Final-redhat-00001/netty-transport-4.1.49.Final-redhat-00001.jar:/Users/jordisola/.m2/repository/io/netty/netty-handler-proxy/4.1.49.Final-redhat-00001/netty-handler-proxy-4.1.49.Final-redhat-00001.jar:/Users/jordisola/.m2/repository/io/netty/netty-codec-socks/4.1.49.Final-redhat-00001/netty-codec-socks-4.1.49.Final-redhat-00001.jar:/Users/jordisola/.m2/repository/io/netty/netty-codec-http/4.1.49.Final-redhat-00001/netty-codec-http-4.1.49.Final-redhat-00001.jar:/Users/jordisola/.m2/repository/io/netty/netty-codec-http2/4.1.49.Final-redhat-00001/netty-codec-http2-4.1.49.Final-redhat-00001.jar:/Users/jordisola/.m2/repository/io/netty/netty-resolver/4.1.49.Final-redhat-00001/netty-resolver-4.1.49.Final-redhat-00001.jar:/Users/jordisola/.m2/repository/io/netty/netty-resolver-dns/4.1.49.Final-redhat-00001/netty-resolver-dns-4.1.49.Final-redhat-00001.jar:/Users/jordisola/.m2/repository/io/netty/netty-codec-dns/4.1.49.Final-redhat-00001/netty-codec-dns-4.1.49.Final-redhat-00001.jar:/Users/jordisola/.m2/repository/com/fasterxml/jackson/core/jackson-core/2.11.2.redhat-00002/jackson-core-2.11.2.redhat-00002.jar:/Users/jordisola/.m2/repository/io/vertx/vertx-web/3.9.5.redhat-00002/vertx-web-3.9.5.redhat-00002.jar:/Users/jordisola/.m2/repository/io/vertx/vertx-web-common/3.9.5.redhat-00002/vertx-web-common-3.9.5.redhat-00002.jar:/Users/jordisola/.m2/repository/io/vertx/vertx-auth-common/3.9.5.redhat-00002/vertx-auth-common-3.9.5.redhat-00002.jar:/Users/jordisola/.m2/repository/io/vertx/vertx-bridge-common/3.9.5.redhat-00002/vertx-bridge-common-3.9.5.redhat-00002.jar:/Users/jordisola/.m2/repository/io/quarkus/quarkus-resteasy-server-common/1.7.6.Final-redhat-00014/quarkus-resteasy-server-common-1.7.6.Final-redhat-00014.jar:/Users/jordisola/.m2/repository/io/quarkus/quarkus-arc/1.7.6.Final-redhat-00014/quarkus-arc-1.7.6.Final-redhat-00014.jar:/Users/jordisola/.m2/repository/io/quarkus/arc/arc/1.7.6.Final-redhat-00014/arc-1.7.6.Final-redhat-00014.jar:/Users/jordisola/.m2/repository/jakarta/transaction/jakarta.transaction-api/1.3.3.redhat-00002/jakarta.transaction-api-1.3.3.redhat-00002.jar:/Users/jordisola/.m2/repository/org/eclipse/microprofile/context-propagation/microprofile-context-propagation-api/1.0.1.redhat-00002/microprofile-context-propagation-api-1.0.1.redhat-00002.jar:/Users/jordisola/.m2/repository/io/quarkus/quarkus-resteasy-common/1.7.6.Final-redhat-00014/quarkus-resteasy-common-1.7.6.Final-redhat-00014.jar:/Users/jordisola/.m2/repository/org/jboss/resteasy/resteasy-core/4.5.6.Final-redhat-00012/resteasy-core-4.5.6.Final-redhat-00012.jar:/Users/jordisola/.m2/repository/org/jboss/spec/javax/ws/rs/jboss-jaxrs-api_2.1_spec/2.0.1.Final-redhat-00001/jboss-jaxrs-api_2.1_spec-2.0.1.Final-redhat-00001.jar:/Users/jordisola/.m2/repository/org/jboss/spec/javax/xml/bind/jboss-jaxb-api_2.3_spec/2.0.0.Final-redhat-00001/jboss-jaxb-api_2.3_spec-2.0.0.Final-redhat-00001.jar:/Users/jordisola/.m2/repository/org/jboss/resteasy/resteasy-core-spi/4.5.6.Final-redhat-00012/resteasy-core-spi-4.5.6.Final-redhat-00012.jar:/Users/jordisola/.m2/repository/com/ibm/async/asyncutil/0.1.0.redhat-00007/asyncutil-0.1.0.redhat-00007.jar:/Users/jordisola/.m2/repository/org/eclipse/microprofile/config/microprofile-config-api/1.4.0.redhat-00006/microprofile-config-api-1.4.0.redhat-00006.jar:/Users/jordisola/.m2/repository/com/sun/activation/jakarta.activation/1.2.1.redhat-00002/jakarta.activation-1.2.1.redhat-00002.jar:/Users/jordisola/.m2/repository/jakarta/validation/jakarta.validation-api/2.0.2.redhat-00001/jakarta.validation-api-2.0.2.redhat-00001.jar:/Users/jordisola/.m2/repository/io/quarkus/quarkus-junit5/1.7.6.Final/quarkus-junit5-1.7.6.Final.jar:/Users/jordisola/.m2/repository/io/quarkus/quarkus-bootstrap-core/1.7.6.Final-redhat-00014/quarkus-bootstrap-core-1.7.6.Final-redhat-00014.jar:/Users/jordisola/.m2/repository/io/quarkus/quarkus-bootstrap-app-model/1.7.6.Final-redhat-00014/quarkus-bootstrap-app-model-1.7.6.Final-redhat-00014.jar:/Users/jordisola/.m2/repository/io/quarkus/quarkus-bootstrap-maven-resolver/1.7.6.Final-redhat-00014/quarkus-bootstrap-maven-resolver-1.7.6.Final-redhat-00014.jar:/Users/jordisola/.m2/repository/org/ow2/asm/asm/8.0.1/asm-8.0.1.jar:/Users/jordisola/.m2/repository/org/apache/maven/maven-embedder/3.6.3/maven-embedder-3.6.3.jar:/Users/jordisola/.m2/repository/org/apache/maven/maven-settings/3.6.3/maven-settings-3.6.3.jar:/Users/jordisola/.m2/repository/org/apache/maven/maven-core/3.6.3/maven-core-3.6.3.jar:/Users/jordisola/.m2/repository/org/apache/maven/maven-artifact/3.6.3/maven-artifact-3.6.3.jar:/Users/jordisola/.m2/repository/org/codehaus/plexus/plexus-component-annotations/2.1.0/plexus-component-annotations-2.1.0.jar:/Users/jordisola/.m2/repository/org/apache/maven/maven-plugin-api/3.6.3/maven-plugin-api-3.6.3.jar:/Users/jordisola/.m2/repository/org/apache/maven/maven-model/3.6.3/maven-model-3.6.3.jar:/Users/jordisola/.m2/repository/org/apache/maven/maven-model-builder/3.6.3/maven-model-builder-3.6.3.jar:/Users/jordisola/.m2/repository/org/apache/maven/maven-builder-support/3.6.3/maven-builder-support-3.6.3.jar:/Users/jordisola/.m2/repository/org/apache/maven/resolver/maven-resolver-api/1.4.1/maven-resolver-api-1.4.1.jar:/Users/jordisola/.m2/repository/org/apache/maven/resolver/maven-resolver-util/1.4.1/maven-resolver-util-1.4.1.jar:/Users/jordisola/.m2/repository/org/apache/maven/shared/maven-shared-utils/3.2.1/maven-shared-utils-3.2.1.jar:/Users/jordisola/.m2/repository/commons-io/commons-io/2.7.0.redhat-00003/commons-io-2.7.0.redhat-00003.jar:/Users/jordisola/.m2/repository/com/google/inject/guice/4.2.1/guice-4.2.1-no_aop.jar:/Users/jordisola/.m2/repository/com/google/guava/guava/27.0.1.jre-redhat-00001/guava-27.0.1.jre-redhat-00001.jar:/Users/jordisola/.m2/repository/com/google/guava/failureaccess/1.0.1.redhat-00001/failureaccess-1.0.1.redhat-00001.jar:/Users/jordisola/.m2/repository/com/google/guava/listenablefuture/9999.0.0.empty-to-avoid-conflict-with-guava-redhat-00001/listenablefuture-9999.0.0.empty-to-avoid-conflict-with-guava-redhat-00001.jar:/Users/jordisola/.m2/repository/org/codehaus/plexus/plexus-utils/3.2.1/plexus-utils-3.2.1.jar:/Users/jordisola/.m2/repository/org/codehaus/plexus/plexus-classworlds/2.5.2/plexus-classworlds-2.5.2.jar:/Users/jordisola/.m2/repository/commons-cli/commons-cli/1.4.0.redhat-00001/commons-cli-1.4.0.redhat-00001.jar:/Users/jordisola/.m2/repository/org/eclipse/sisu/org.eclipse.sisu.plexus/0.3.4/org.eclipse.sisu.plexus-0.3.4.jar:/Users/jordisola/.m2/repository/org/apache/maven/maven-settings-builder/3.6.3/maven-settings-builder-3.6.3.jar:/Users/jordisola/.m2/repository/org/codehaus/plexus/plexus-interpolation/1.25/plexus-interpolation-1.25.jar:/Users/jordisola/.m2/repository/org/sonatype/plexus/plexus-sec-dispatcher/1.4/plexus-sec-dispatcher-1.4.jar:/Users/jordisola/.m2/repository/org/sonatype/plexus/plexus-cipher/1.4/plexus-cipher-1.4.jar:/Users/jordisola/.m2/repository/org/apache/maven/maven-resolver-provider/3.6.3/maven-resolver-provider-3.6.3.jar:/Users/jordisola/.m2/repository/org/apache/maven/maven-repository-metadata/3.6.3/maven-repository-metadata-3.6.3.jar:/Users/jordisola/.m2/repository/org/apache/maven/resolver/maven-resolver-spi/1.4.1/maven-resolver-spi-1.4.1.jar:/Users/jordisola/.m2/repository/org/apache/maven/resolver/maven-resolver-impl/1.4.1/maven-resolver-impl-1.4.1.jar:/Users/jordisola/.m2/repository/org/apache/maven/resolver/maven-resolver-connector-basic/1.4.1/maven-resolver-connector-basic-1.4.1.jar:/Users/jordisola/.m2/repository/org/apache/maven/resolver/maven-resolver-transport-wagon/1.4.1/maven-resolver-transport-wagon-1.4.1.jar:/Users/jordisola/.m2/repository/org/apache/maven/wagon/wagon-http/3.3.4/wagon-http-3.3.4.jar:/Users/jordisola/.m2/repository/org/apache/maven/wagon/wagon-http-shared/3.3.4/wagon-http-shared-3.3.4.jar:/Users/jordisola/.m2/repository/org/jsoup/jsoup/1.12.1/jsoup-1.12.1.jar:/Users/jordisola/.m2/repository/org/apache/maven/wagon/wagon-provider-api/3.3.4/wagon-provider-api-3.3.4.jar:/Users/jordisola/.m2/repository/org/apache/maven/wagon/wagon-file/3.3.4/wagon-file-3.3.4.jar:/Users/jordisola/.m2/repository/io/quarkus/quarkus-bootstrap-gradle-resolver/1.7.6.Final/quarkus-bootstrap-gradle-resolver-1.7.6.Final.jar:/Users/jordisola/.m2/repository/io/smallrye/common/smallrye-common-io/1.1.0.redhat-00001/smallrye-common-io-1.1.0.redhat-00001.jar:/Users/jordisola/.m2/repository/org/eclipse/sisu/org.eclipse.sisu.inject/0.3.4/org.eclipse.sisu.inject-0.3.4.jar:/Users/jordisola/.m2/repository/io/quarkus/quarkus-test-common/1.7.6.Final/quarkus-test-common-1.7.6.Final.jar:/Users/jordisola/.m2/repository/io/quarkus/quarkus-core-deployment/1.7.6.Final-redhat-00014/quarkus-core-deployment-1.7.6.Final-redhat-00014.jar:/Users/jordisola/.m2/repository/io/quarkus/gizmo/gizmo/1.0.4.Final-redhat-00001/gizmo-1.0.4.Final-redhat-00001.jar:/Users/jordisola/.m2/repository/org/ow2/asm/asm-util/8.0.1/asm-util-8.0.1.jar:/Users/jordisola/.m2/repository/org/ow2/asm/asm-tree/8.0.1/asm-tree-8.0.1.jar:/Users/jordisola/.m2/repository/org/ow2/asm/asm-analysis/8.0.1/asm-analysis-8.0.1.jar:/Users/jordisola/.m2/repository/io/quarkus/quarkus-devtools-utilities/1.7.6.Final-redhat-00014/quarkus-devtools-utilities-1.7.6.Final-redhat-00014.jar:/Users/jordisola/.m2/repository/io/quarkus/quarkus-builder/1.7.6.Final-redhat-00014/quarkus-builder-1.7.6.Final-redhat-00014.jar:/Users/jordisola/.m2/repository/io/quarkus/quarkus-jsonp-deployment/1.7.6.Final-redhat-00014/quarkus-jsonp-deployment-1.7.6.Final-redhat-00014.jar:/Users/jordisola/.m2/repository/io/quarkus/quarkus-jsonp/1.7.6.Final-redhat-00014/quarkus-jsonp-1.7.6.Final-redhat-00014.jar:/Users/jordisola/.m2/repository/org/glassfish/jakarta.json/1.1.6.redhat-00003/jakarta.json-1.1.6.redhat-00003.jar:/Users/jordisola/.m2/repository/org/jboss/jandex/2.2.1.Final-redhat-00001/jandex-2.2.1.Final-redhat-00001.jar:/Users/jordisola/.m2/repository/org/jboss/logging/commons-logging-jboss-logging/1.0.0.Final-redhat-1/commons-logging-jboss-logging-1.0.0.Final-redhat-1.jar:/Users/jordisola/.m2/repository/org/junit/jupiter/junit-jupiter/5.6.2/junit-jupiter-5.6.2.jar:/Users/jordisola/.m2/repository/org/junit/jupiter/junit-jupiter-api/5.6.2/junit-jupiter-api-5.6.2.jar:/Users/jordisola/.m2/repository/org/apiguardian/apiguardian-api/1.1.0/apiguardian-api-1.1.0.jar:/Users/jordisola/.m2/repository/org/opentest4j/opentest4j/1.2.0/opentest4j-1.2.0.jar:/Users/jordisola/.m2/repository/org/junit/platform/junit-platform-commons/1.6.2/junit-platform-commons-1.6.2.jar:/Users/jordisola/.m2/repository/org/junit/jupiter/junit-jupiter-params/5.6.2/junit-jupiter-params-5.6.2.jar:/Users/jordisola/.m2/repository/org/junit/jupiter/junit-jupiter-engine/5.6.2/junit-jupiter-engine-5.6.2.jar:/Users/jordisola/.m2/repository/org/junit/platform/junit-platform-engine/1.6.2/junit-platform-engine-1.6.2.jar:/Users/jordisola/.m2/repository/io/quarkus/quarkus-core/1.7.6.Final-redhat-00014/quarkus-core-1.7.6.Final-redhat-00014.jar:/Users/jordisola/.m2/repository/jakarta/annotation/jakarta.annotation-api/1.3.5.redhat-00002/jakarta.annotation-api-1.3.5.redhat-00002.jar:/Users/jordisola/.m2/repository/jakarta/inject/jakarta.inject-api/1.0.0.redhat-00002/jakarta.inject-api-1.0.0.redhat-00002.jar:/Users/jordisola/.m2/repository/io/quarkus/quarkus-ide-launcher/1.7.6.Final-redhat-00014/quarkus-ide-launcher-1.7.6.Final-redhat-00014.jar:/Users/jordisola/.m2/repository/io/smallrye/config/smallrye-config/1.8.5.redhat-00002/smallrye-config-1.8.5.redhat-00002.jar:/Users/jordisola/.m2/repository/io/smallrye/common/smallrye-common-annotation/1.1.0.redhat-00001/smallrye-common-annotation-1.1.0.redhat-00001.jar:/Users/jordisola/.m2/repository/io/smallrye/config/smallrye-config-common/1.8.5.redhat-00002/smallrye-config-common-1.8.5.redhat-00002.jar:/Users/jordisola/.m2/repository/io/smallrye/common/smallrye-common-expression/1.1.0.redhat-00001/smallrye-common-expression-1.1.0.redhat-00001.jar:/Users/jordisola/.m2/repository/io/smallrye/common/smallrye-common-function/1.1.0.redhat-00001/smallrye-common-function-1.1.0.redhat-00001.jar:/Users/jordisola/.m2/repository/io/smallrye/common/smallrye-common-constraint/1.1.0.redhat-00001/smallrye-common-constraint-1.1.0.redhat-00001.jar:/Users/jordisola/.m2/repository/org/jboss/logging/jboss-logging/3.3.2.Final-redhat-00001/jboss-logging-3.3.2.Final-redhat-00001.jar:/Users/jordisola/.m2/repository/org/jboss/logmanager/jboss-logmanager-embedded/1.0.4.redhat-00003/jboss-logmanager-embedded-1.0.4.redhat-00003.jar:/Users/jordisola/.m2/repository/org/jboss/logging/jboss-logging-annotations/2.1.0.Final-redhat-00001/jboss-logging-annotations-2.1.0.Final-redhat-00001.jar:/Users/jordisola/.m2/repository/org/jboss/threads/jboss-threads/3.1.1.Final-redhat-00001/jboss-threads-3.1.1.Final-redhat-00001.jar:/Users/jordisola/.m2/repository/org/slf4j/slf4j-api/1.7.30.redhat-00001/slf4j-api-1.7.30.redhat-00001.jar:/Users/jordisola/.m2/repository/org/jboss/slf4j/slf4j-jboss-logging/1.2.0.Final-redhat-00001/slf4j-jboss-logging-1.2.0.Final-redhat-00001.jar:/Users/jordisola/.m2/repository/org/graalvm/sdk/graal-sdk/20.1.0.3-0-redhat-00002/graal-sdk-20.1.0.3-0-redhat-00002.jar:/Users/jordisola/.m2/repository/org/wildfly/common/wildfly-common/1.5.4.Final-format-001-redhat-00001/wildfly-common-1.5.4.Final-format-001-redhat-00001.jar:/Users/jordisola/.m2/repository/io/quarkus/quarkus-bootstrap-runner/1.7.6.Final-redhat-00014/quarkus-bootstrap-runner-1.7.6.Final-redhat-00014.jar:/Users/jordisola/.m2/repository/com/thoughtworks/xstream/xstream/1.4.11.1/xstream-1.4.11.1.jar:/Users/jordisola/.m2/repository/xmlpull/xmlpull/1.1.3.1/xmlpull-1.1.3.1.jar:/Users/jordisola/.m2/repository/xpp3/xpp3_min/1.1.4c/xpp3_min-1.1.4c.jar:/Users/jordisola/.m2/repository/io/quarkus/quarkus-junit5-mockito/1.7.6.Final/quarkus-junit5-mockito-1.7.6.Final.jar:/Users/jordisola/.m2/repository/io/quarkus/quarkus-arc-deployment/1.7.6.Final-redhat-00014/quarkus-arc-deployment-1.7.6.Final-redhat-00014.jar:/Users/jordisola/.m2/repository/io/quarkus/arc/arc-processor/1.7.6.Final-redhat-00014/arc-processor-1.7.6.Final-redhat-00014.jar:/Users/jordisola/.m2/repository/org/mockito/mockito-core/3.4.6/mockito-core-3.4.6.jar:/Users/jordisola/.m2/repository/net/bytebuddy/byte-buddy/1.10.10.redhat-00003/byte-buddy-1.10.10.redhat-00003.jar:/Users/jordisola/.m2/repository/net/bytebuddy/byte-buddy-agent/1.10.13/byte-buddy-agent-1.10.13.jar:/Users/jordisola/.m2/repository/org/objenesis/objenesis/2.6/objenesis-2.6.jar:/Users/jordisola/.m2/repository/io/rest-assured/rest-assured/4.3.0/rest-assured-4.3.0.jar:/Users/jordisola/.m2/repository/org/codehaus/groovy/groovy/3.0.2/groovy-3.0.2.jar:/Users/jordisola/.m2/repository/org/codehaus/groovy/groovy-xml/3.0.2/groovy-xml-3.0.2.jar:/Users/jordisola/.m2/repository/org/apache/httpcomponents/httpclient/4.5.13.redhat-00001/httpclient-4.5.13.redhat-00001.jar:/Users/jordisola/.m2/repository/org/apache/httpcomponents/httpcore/4.4.13.redhat-00001/httpcore-4.4.13.redhat-00001.jar:/Users/jordisola/.m2/repository/commons-codec/commons-codec/1.14.0.redhat-00001/commons-codec-1.14.0.redhat-00001.jar:/Users/jordisola/.m2/repository/org/apache/httpcomponents/httpmime/4.5.3/httpmime-4.5.3.jar:/Users/jordisola/.m2/repository/org/hamcrest/hamcrest/2.1/hamcrest-2.1.jar:/Users/jordisola/.m2/repository/org/ccil/cowan/tagsoup/tagsoup/1.2.1/tagsoup-1.2.1.jar:/Users/jordisola/.m2/repository/io/rest-assured/json-path/4.3.0/json-path-4.3.0.jar:/Users/jordisola/.m2/repository/org/codehaus/groovy/groovy-json/3.0.2/groovy-json-3.0.2.jar:/Users/jordisola/.m2/repository/io/rest-assured/rest-assured-common/4.3.0/rest-assured-common-4.3.0.jar:/Users/jordisola/.m2/repository/io/rest-assured/xml-path/4.3.0/xml-path-4.3.0.jar:/Users/jordisola/.m2/repository/org/apache/commons/commons-lang3/3.9.0.redhat-00001/commons-lang3-3.9.0.redhat-00001.jar:/Users/jordisola/.m2/repository/jakarta/xml/bind/jakarta.xml.bind-api/2.3.2/jakarta.xml.bind-api-2.3.2.jar:/Users/jordisola/.m2/repository/jakarta/activation/jakarta.activation-api/1.2.1.redhat-00002/jakarta.activation-api-1.2.1.redhat-00002.jar:/Users/jordisola/.m2/repository/org/apache/sling/org.apache.sling.javax.activation/0.1.0/org.apache.sling.javax.activation-0.1.0.jar:"/>
    <property name="java.vm.vendor" value="GraalVM Community"/>
    <property name="sun.arch.data.model" value="64"/>
    <property name="java.vendor.url" value="https://www.graalvm.org/"/>
    <property name="user.timezone" value="Europe/Madrid"/>
    <property name="java.vm.specification.version" value="11"/>
    <property name="os.name" value="Mac OS X"/>
    <property name="sun.java.launcher" value="SUN_STANDARD"/>
    <property name="user.country" value="GB"/>
    <property name="sun.boot.library.path" value="/Users/jordisola/.sdkman/candidates/java/20.3.0.r11-grl/lib"/>
    <property name="sun.java.command" value="/Users/jordisola/Projects/RedHatTraining/DO400-apps/calculator-monolith-solution/target/surefire/surefirebooter6899247560759347773.jar /Users/jordisola/Projects/RedHatTraining/DO400-apps/calculator-monolith-solution/target/surefire 2021-02-25T11-42-56_289-jvmRun1 surefire3224273980030976539tmp surefire_013585752860091407066tmp"/>
    <property name="http.nonProxyHosts" value="local|*.local|169.254/16|*.169.254/16"/>
    <property name="jdk.debug" value="release"/>
    <property name="maven.home" value="/usr/local/Cellar/maven/3.6.3_1/libexec"/>
    <property name="surefire.test.class.path" value="/Users/jordisola/Projects/RedHatTraining/DO400-apps/calculator-monolith-solution/target/test-classes:/Users/jordisola/Projects/RedHatTraining/DO400-apps/calculator-monolith-solution/target/classes:/Users/jordisola/.m2/repository/io/quarkus/quarkus-resteasy/1.7.6.Final-redhat-00014/quarkus-resteasy-1.7.6.Final-redhat-00014.jar:/Users/jordisola/.m2/repository/io/quarkus/quarkus-vertx-http/1.7.6.Final-redhat-00014/quarkus-vertx-http-1.7.6.Final-redhat-00014.jar:/Users/jordisola/.m2/repository/io/quarkus/quarkus-security-runtime-spi/1.7.6.Final-redhat-00014/quarkus-security-runtime-spi-1.7.6.Final-redhat-00014.jar:/Users/jordisola/.m2/repository/io/quarkus/quarkus-development-mode-spi/1.7.6.Final-redhat-00014/quarkus-development-mode-spi-1.7.6.Final-redhat-00014.jar:/Users/jordisola/.m2/repository/io/quarkus/security/quarkus-security/1.1.2.Final-redhat-00001/quarkus-security-1.1.2.Final-redhat-00001.jar:/Users/jordisola/.m2/repository/io/smallrye/reactive/mutiny/0.7.0.redhat-00001/mutiny-0.7.0.redhat-00001.jar:/Users/jordisola/.m2/repository/org/reactivestreams/reactive-streams/1.0.3.redhat-00003/reactive-streams-1.0.3.redhat-00003.jar:/Users/jordisola/.m2/repository/jakarta/enterprise/jakarta.enterprise.cdi-api/2.0.2.redhat-00002/jakarta.enterprise.cdi-api-2.0.2.redhat-00002.jar:/Users/jordisola/.m2/repository/jakarta/el/jakarta.el-api/3.0.3.redhat-00002/jakarta.el-api-3.0.3.redhat-00002.jar:/Users/jordisola/.m2/repository/jakarta/interceptor/jakarta.interceptor-api/1.2.5.redhat-00002/jakarta.interceptor-api-1.2.5.redhat-00002.jar:/Users/jordisola/.m2/repository/io/quarkus/quarkus-vertx-core/1.7.6.Final-redhat-00014/quarkus-vertx-core-1.7.6.Final-redhat-00014.jar:/Users/jordisola/.m2/repository/io/quarkus/quarkus-netty/1.7.6.Final-redhat-00014/quarkus-netty-1.7.6.Final-redhat-00014.jar:/Users/jordisola/.m2/repository/io/netty/netty-codec/4.1.49.Final-redhat-00001/netty-codec-4.1.49.Final-redhat-00001.jar:/Users/jordisola/.m2/repository/io/netty/netty-handler/4.1.49.Final-redhat-00001/netty-handler-4.1.49.Final-redhat-00001.jar:/Users/jordisola/.m2/repository/io/vertx/vertx-core/3.9.5.redhat-00002/vertx-core-3.9.5.redhat-00002.jar:/Users/jordisola/.m2/repository/io/netty/netty-common/4.1.49.Final-redhat-00001/netty-common-4.1.49.Final-redhat-00001.jar:/Users/jordisola/.m2/repository/io/netty/netty-buffer/4.1.49.Final-redhat-00001/netty-buffer-4.1.49.Final-redhat-00001.jar:/Users/jordisola/.m2/repository/io/netty/netty-transport/4.1.49.Final-redhat-00001/netty-transport-4.1.49.Final-redhat-00001.jar:/Users/jordisola/.m2/repository/io/netty/netty-handler-proxy/4.1.49.Final-redhat-00001/netty-handler-proxy-4.1.49.Final-redhat-00001.jar:/Users/jordisola/.m2/repository/io/netty/netty-codec-socks/4.1.49.Final-redhat-00001/netty-codec-socks-4.1.49.Final-redhat-00001.jar:/Users/jordisola/.m2/repository/io/netty/netty-codec-http/4.1.49.Final-redhat-00001/netty-codec-http-4.1.49.Final-redhat-00001.jar:/Users/jordisola/.m2/repository/io/netty/netty-codec-http2/4.1.49.Final-redhat-00001/netty-codec-http2-4.1.49.Final-redhat-00001.jar:/Users/jordisola/.m2/repository/io/netty/netty-resolver/4.1.49.Final-redhat-00001/netty-resolver-4.1.49.Final-redhat-00001.jar:/Users/jordisola/.m2/repository/io/netty/netty-resolver-dns/4.1.49.Final-redhat-00001/netty-resolver-dns-4.1.49.Final-redhat-00001.jar:/Users/jordisola/.m2/repository/io/netty/netty-codec-dns/4.1.49.Final-redhat-00001/netty-codec-dns-4.1.49.Final-redhat-00001.jar:/Users/jordisola/.m2/repository/com/fasterxml/jackson/core/jackson-core/2.11.2.redhat-00002/jackson-core-2.11.2.redhat-00002.jar:/Users/jordisola/.m2/repository/io/vertx/vertx-web/3.9.5.redhat-00002/vertx-web-3.9.5.redhat-00002.jar:/Users/jordisola/.m2/repository/io/vertx/vertx-web-common/3.9.5.redhat-00002/vertx-web-common-3.9.5.redhat-00002.jar:/Users/jordisola/.m2/repository/io/vertx/vertx-auth-common/3.9.5.redhat-00002/vertx-auth-common-3.9.5.redhat-00002.jar:/Users/jordisola/.m2/repository/io/vertx/vertx-bridge-common/3.9.5.redhat-00002/vertx-bridge-common-3.9.5.redhat-00002.jar:/Users/jordisola/.m2/repository/io/quarkus/quarkus-resteasy-server-common/1.7.6.Final-redhat-00014/quarkus-resteasy-server-common-1.7.6.Final-redhat-00014.jar:/Users/jordisola/.m2/repository/io/quarkus/quarkus-arc/1.7.6.Final-redhat-00014/quarkus-arc-1.7.6.Final-redhat-00014.jar:/Users/jordisola/.m2/repository/io/quarkus/arc/arc/1.7.6.Final-redhat-00014/arc-1.7.6.Final-redhat-00014.jar:/Users/jordisola/.m2/repository/jakarta/transaction/jakarta.transaction-api/1.3.3.redhat-00002/jakarta.transaction-api-1.3.3.redhat-00002.jar:/Users/jordisola/.m2/repository/org/eclipse/microprofile/context-propagation/microprofile-context-propagation-api/1.0.1.redhat-00002/microprofile-context-propagation-api-1.0.1.redhat-00002.jar:/Users/jordisola/.m2/repository/io/quarkus/quarkus-resteasy-common/1.7.6.Final-redhat-00014/quarkus-resteasy-common-1.7.6.Final-redhat-00014.jar:/Users/jordisola/.m2/repository/org/jboss/resteasy/resteasy-core/4.5.6.Final-redhat-00012/resteasy-core-4.5.6.Final-redhat-00012.jar:/Users/jordisola/.m2/repository/org/jboss/spec/javax/ws/rs/jboss-jaxrs-api_2.1_spec/2.0.1.Final-redhat-00001/jboss-jaxrs-api_2.1_spec-2.0.1.Final-redhat-00001.jar:/Users/jordisola/.m2/repository/org/jboss/spec/javax/xml/bind/jboss-jaxb-api_2.3_spec/2.0.0.Final-redhat-00001/jboss-jaxb-api_2.3_spec-2.0.0.Final-redhat-00001.jar:/Users/jordisola/.m2/repository/org/jboss/resteasy/resteasy-core-spi/4.5.6.Final-redhat-00012/resteasy-core-spi-4.5.6.Final-redhat-00012.jar:/Users/jordisola/.m2/repository/com/ibm/async/asyncutil/0.1.0.redhat-00007/asyncutil-0.1.0.redhat-00007.jar:/Users/jordisola/.m2/repository/org/eclipse/microprofile/config/microprofile-config-api/1.4.0.redhat-00006/microprofile-config-api-1.4.0.redhat-00006.jar:/Users/jordisola/.m2/repository/com/sun/activation/jakarta.activation/1.2.1.redhat-00002/jakarta.activation-1.2.1.redhat-00002.jar:/Users/jordisola/.m2/repository/jakarta/validation/jakarta.validation-api/2.0.2.redhat-00001/jakarta.validation-api-2.0.2.redhat-00001.jar:/Users/jordisola/.m2/repository/io/quarkus/quarkus-junit5/1.7.6.Final/quarkus-junit5-1.7.6.Final.jar:/Users/jordisola/.m2/repository/io/quarkus/quarkus-bootstrap-core/1.7.6.Final-redhat-00014/quarkus-bootstrap-core-1.7.6.Final-redhat-00014.jar:/Users/jordisola/.m2/repository/io/quarkus/quarkus-bootstrap-app-model/1.7.6.Final-redhat-00014/quarkus-bootstrap-app-model-1.7.6.Final-redhat-00014.jar:/Users/jordisola/.m2/repository/io/quarkus/quarkus-bootstrap-maven-resolver/1.7.6.Final-redhat-00014/quarkus-bootstrap-maven-resolver-1.7.6.Final-redhat-00014.jar:/Users/jordisola/.m2/repository/org/ow2/asm/asm/8.0.1/asm-8.0.1.jar:/Users/jordisola/.m2/repository/org/apache/maven/maven-embedder/3.6.3/maven-embedder-3.6.3.jar:/Users/jordisola/.m2/repository/org/apache/maven/maven-settings/3.6.3/maven-settings-3.6.3.jar:/Users/jordisola/.m2/repository/org/apache/maven/maven-core/3.6.3/maven-core-3.6.3.jar:/Users/jordisola/.m2/repository/org/apache/maven/maven-artifact/3.6.3/maven-artifact-3.6.3.jar:/Users/jordisola/.m2/repository/org/codehaus/plexus/plexus-component-annotations/2.1.0/plexus-component-annotations-2.1.0.jar:/Users/jordisola/.m2/repository/org/apache/maven/maven-plugin-api/3.6.3/maven-plugin-api-3.6.3.jar:/Users/jordisola/.m2/repository/org/apache/maven/maven-model/3.6.3/maven-model-3.6.3.jar:/Users/jordisola/.m2/repository/org/apache/maven/maven-model-builder/3.6.3/maven-model-builder-3.6.3.jar:/Users/jordisola/.m2/repository/org/apache/maven/maven-builder-support/3.6.3/maven-builder-support-3.6.3.jar:/Users/jordisola/.m2/repository/org/apache/maven/resolver/maven-resolver-api/1.4.1/maven-resolver-api-1.4.1.jar:/Users/jordisola/.m2/repository/org/apache/maven/resolver/maven-resolver-util/1.4.1/maven-resolver-util-1.4.1.jar:/Users/jordisola/.m2/repository/org/apache/maven/shared/maven-shared-utils/3.2.1/maven-shared-utils-3.2.1.jar:/Users/jordisola/.m2/repository/commons-io/commons-io/2.7.0.redhat-00003/commons-io-2.7.0.redhat-00003.jar:/Users/jordisola/.m2/repository/com/google/inject/guice/4.2.1/guice-4.2.1-no_aop.jar:/Users/jordisola/.m2/repository/com/google/guava/guava/27.0.1.jre-redhat-00001/guava-27.0.1.jre-redhat-00001.jar:/Users/jordisola/.m2/repository/com/google/guava/failureaccess/1.0.1.redhat-00001/failureaccess-1.0.1.redhat-00001.jar:/Users/jordisola/.m2/repository/com/google/guava/listenablefuture/9999.0.0.empty-to-avoid-conflict-with-guava-redhat-00001/listenablefuture-9999.0.0.empty-to-avoid-conflict-with-guava-redhat-00001.jar:/Users/jordisola/.m2/repository/org/codehaus/plexus/plexus-utils/3.2.1/plexus-utils-3.2.1.jar:/Users/jordisola/.m2/repository/org/codehaus/plexus/plexus-classworlds/2.5.2/plexus-classworlds-2.5.2.jar:/Users/jordisola/.m2/repository/commons-cli/commons-cli/1.4.0.redhat-00001/commons-cli-1.4.0.redhat-00001.jar:/Users/jordisola/.m2/repository/org/eclipse/sisu/org.eclipse.sisu.plexus/0.3.4/org.eclipse.sisu.plexus-0.3.4.jar:/Users/jordisola/.m2/repository/org/apache/maven/maven-settings-builder/3.6.3/maven-settings-builder-3.6.3.jar:/Users/jordisola/.m2/repository/org/codehaus/plexus/plexus-interpolation/1.25/plexus-interpolation-1.25.jar:/Users/jordisola/.m2/repository/org/sonatype/plexus/plexus-sec-dispatcher/1.4/plexus-sec-dispatcher-1.4.jar:/Users/jordisola/.m2/repository/org/sonatype/plexus/plexus-cipher/1.4/plexus-cipher-1.4.jar:/Users/jordisola/.m2/repository/org/apache/maven/maven-resolver-provider/3.6.3/maven-resolver-provider-3.6.3.jar:/Users/jordisola/.m2/repository/org/apache/maven/maven-repository-metadata/3.6.3/maven-repository-metadata-3.6.3.jar:/Users/jordisola/.m2/repository/org/apache/maven/resolver/maven-resolver-spi/1.4.1/maven-resolver-spi-1.4.1.jar:/Users/jordisola/.m2/repository/org/apache/maven/resolver/maven-resolver-impl/1.4.1/maven-resolver-impl-1.4.1.jar:/Users/jordisola/.m2/repository/org/apache/maven/resolver/maven-resolver-connector-basic/1.4.1/maven-resolver-connector-basic-1.4.1.jar:/Users/jordisola/.m2/repository/org/apache/maven/resolver/maven-resolver-transport-wagon/1.4.1/maven-resolver-transport-wagon-1.4.1.jar:/Users/jordisola/.m2/repository/org/apache/maven/wagon/wagon-http/3.3.4/wagon-http-3.3.4.jar:/Users/jordisola/.m2/repository/org/apache/maven/wagon/wagon-http-shared/3.3.4/wagon-http-shared-3.3.4.jar:/Users/jordisola/.m2/repository/org/jsoup/jsoup/1.12.1/jsoup-1.12.1.jar:/Users/jordisola/.m2/repository/org/apache/maven/wagon/wagon-provider-api/3.3.4/wagon-provider-api-3.3.4.jar:/Users/jordisola/.m2/repository/org/apache/maven/wagon/wagon-file/3.3.4/wagon-file-3.3.4.jar:/Users/jordisola/.m2/repository/io/quarkus/quarkus-bootstrap-gradle-resolver/1.7.6.Final/quarkus-bootstrap-gradle-resolver-1.7.6.Final.jar:/Users/jordisola/.m2/repository/io/smallrye/common/smallrye-common-io/1.1.0.redhat-00001/smallrye-common-io-1.1.0.redhat-00001.jar:/Users/jordisola/.m2/repository/org/eclipse/sisu/org.eclipse.sisu.inject/0.3.4/org.eclipse.sisu.inject-0.3.4.jar:/Users/jordisola/.m2/repository/io/quarkus/quarkus-test-common/1.7.6.Final/quarkus-test-common-1.7.6.Final.jar:/Users/jordisola/.m2/repository/io/quarkus/quarkus-core-deployment/1.7.6.Final-redhat-00014/quarkus-core-deployment-1.7.6.Final-redhat-00014.jar:/Users/jordisola/.m2/repository/io/quarkus/gizmo/gizmo/1.0.4.Final-redhat-00001/gizmo-1.0.4.Final-redhat-00001.jar:/Users/jordisola/.m2/repository/org/ow2/asm/asm-util/8.0.1/asm-util-8.0.1.jar:/Users/jordisola/.m2/repository/org/ow2/asm/asm-tree/8.0.1/asm-tree-8.0.1.jar:/Users/jordisola/.m2/repository/org/ow2/asm/asm-analysis/8.0.1/asm-analysis-8.0.1.jar:/Users/jordisola/.m2/repository/io/quarkus/quarkus-devtools-utilities/1.7.6.Final-redhat-00014/quarkus-devtools-utilities-1.7.6.Final-redhat-00014.jar:/Users/jordisola/.m2/repository/io/quarkus/quarkus-builder/1.7.6.Final-redhat-00014/quarkus-builder-1.7.6.Final-redhat-00014.jar:/Users/jordisola/.m2/repository/io/quarkus/quarkus-jsonp-deployment/1.7.6.Final-redhat-00014/quarkus-jsonp-deployment-1.7.6.Final-redhat-00014.jar:/Users/jordisola/.m2/repository/io/quarkus/quarkus-jsonp/1.7.6.Final-redhat-00014/quarkus-jsonp-1.7.6.Final-redhat-00014.jar:/Users/jordisola/.m2/repository/org/glassfish/jakarta.json/1.1.6.redhat-00003/jakarta.json-1.1.6.redhat-00003.jar:/Users/jordisola/.m2/repository/org/jboss/jandex/2.2.1.Final-redhat-00001/jandex-2.2.1.Final-redhat-00001.jar:/Users/jordisola/.m2/repository/org/jboss/logging/commons-logging-jboss-logging/1.0.0.Final-redhat-1/commons-logging-jboss-logging-1.0.0.Final-redhat-1.jar:/Users/jordisola/.m2/repository/org/junit/jupiter/junit-jupiter/5.6.2/junit-jupiter-5.6.2.jar:/Users/jordisola/.m2/repository/org/junit/jupiter/junit-jupiter-api/5.6.2/junit-jupiter-api-5.6.2.jar:/Users/jordisola/.m2/repository/org/apiguardian/apiguardian-api/1.1.0/apiguardian-api-1.1.0.jar:/Users/jordisola/.m2/repository/org/opentest4j/opentest4j/1.2.0/opentest4j-1.2.0.jar:/Users/jordisola/.m2/repository/org/junit/platform/junit-platform-commons/1.6.2/junit-platform-commons-1.6.2.jar:/Users/jordisola/.m2/repository/org/junit/jupiter/junit-jupiter-params/5.6.2/junit-jupiter-params-5.6.2.jar:/Users/jordisola/.m2/repository/org/junit/jupiter/junit-jupiter-engine/5.6.2/junit-jupiter-engine-5.6.2.jar:/Users/jordisola/.m2/repository/org/junit/platform/junit-platform-engine/1.6.2/junit-platform-engine-1.6.2.jar:/Users/jordisola/.m2/repository/io/quarkus/quarkus-core/1.7.6.Final-redhat-00014/quarkus-core-1.7.6.Final-redhat-00014.jar:/Users/jordisola/.m2/repository/jakarta/annotation/jakarta.annotation-api/1.3.5.redhat-00002/jakarta.annotation-api-1.3.5.redhat-00002.jar:/Users/jordisola/.m2/repository/jakarta/inject/jakarta.inject-api/1.0.0.redhat-00002/jakarta.inject-api-1.0.0.redhat-00002.jar:/Users/jordisola/.m2/repository/io/quarkus/quarkus-ide-launcher/1.7.6.Final-redhat-00014/quarkus-ide-launcher-1.7.6.Final-redhat-00014.jar:/Users/jordisola/.m2/repository/io/smallrye/config/smallrye-config/1.8.5.redhat-00002/smallrye-config-1.8.5.redhat-00002.jar:/Users/jordisola/.m2/repository/io/smallrye/common/smallrye-common-annotation/1.1.0.redhat-00001/smallrye-common-annotation-1.1.0.redhat-00001.jar:/Users/jordisola/.m2/repository/io/smallrye/config/smallrye-config-common/1.8.5.redhat-00002/smallrye-config-common-1.8.5.redhat-00002.jar:/Users/jordisola/.m2/repository/io/smallrye/common/smallrye-common-expression/1.1.0.redhat-00001/smallrye-common-expression-1.1.0.redhat-00001.jar:/Users/jordisola/.m2/repository/io/smallrye/common/smallrye-common-function/1.1.0.redhat-00001/smallrye-common-function-1.1.0.redhat-00001.jar:/Users/jordisola/.m2/repository/io/smallrye/common/smallrye-common-constraint/1.1.0.redhat-00001/smallrye-common-constraint-1.1.0.redhat-00001.jar:/Users/jordisola/.m2/repository/org/jboss/logging/jboss-logging/3.3.2.Final-redhat-00001/jboss-logging-3.3.2.Final-redhat-00001.jar:/Users/jordisola/.m2/repository/org/jboss/logmanager/jboss-logmanager-embedded/1.0.4.redhat-00003/jboss-logmanager-embedded-1.0.4.redhat-00003.jar:/Users/jordisola/.m2/repository/org/jboss/logging/jboss-logging-annotations/2.1.0.Final-redhat-00001/jboss-logging-annotations-2.1.0.Final-redhat-00001.jar:/Users/jordisola/.m2/repository/org/jboss/threads/jboss-threads/3.1.1.Final-redhat-00001/jboss-threads-3.1.1.Final-redhat-00001.jar:/Users/jordisola/.m2/repository/org/slf4j/slf4j-api/1.7.30.redhat-00001/slf4j-api-1.7.30.redhat-00001.jar:/Users/jordisola/.m2/repository/org/jboss/slf4j/slf4j-jboss-logging/1.2.0.Final-redhat-00001/slf4j-jboss-logging-1.2.0.Final-redhat-00001.jar:/Users/jordisola/.m2/repository/org/graalvm/sdk/graal-sdk/20.1.0.3-0-redhat-00002/graal-sdk-20.1.0.3-0-redhat-00002.jar:/Users/jordisola/.m2/repository/org/wildfly/common/wildfly-common/1.5.4.Final-format-001-redhat-00001/wildfly-common-1.5.4.Final-format-001-redhat-00001.jar:/Users/jordisola/.m2/repository/io/quarkus/quarkus-bootstrap-runner/1.7.6.Final-redhat-00014/quarkus-bootstrap-runner-1.7.6.Final-redhat-00014.jar:/Users/jordisola/.m2/repository/com/thoughtworks/xstream/xstream/1.4.11.1/xstream-1.4.11.1.jar:/Users/jordisola/.m2/repository/xmlpull/xmlpull/1.1.3.1/xmlpull-1.1.3.1.jar:/Users/jordisola/.m2/repository/xpp3/xpp3_min/1.1.4c/xpp3_min-1.1.4c.jar:/Users/jordisola/.m2/repository/io/quarkus/quarkus-junit5-mockito/1.7.6.Final/quarkus-junit5-mockito-1.7.6.Final.jar:/Users/jordisola/.m2/repository/io/quarkus/quarkus-arc-deployment/1.7.6.Final-redhat-00014/quarkus-arc-deployment-1.7.6.Final-redhat-00014.jar:/Users/jordisola/.m2/repository/io/quarkus/arc/arc-processor/1.7.6.Final-redhat-00014/arc-processor-1.7.6.Final-redhat-00014.jar:/Users/jordisola/.m2/repository/org/mockito/mockito-core/3.4.6/mockito-core-3.4.6.jar:/Users/jordisola/.m2/repository/net/bytebuddy/byte-buddy/1.10.10.redhat-00003/byte-buddy-1.10.10.redhat-00003.jar:/Users/jordisola/.m2/repository/net/bytebuddy/byte-buddy-agent/1.10.13/byte-buddy-agent-1.10.13.jar:/Users/jordisola/.m2/repository/org/objenesis/objenesis/2.6/objenesis-2.6.jar:/Users/jordisola/.m2/repository/io/rest-assured/rest-assured/4.3.0/rest-assured-4.3.0.jar:/Users/jordisola/.m2/repository/org/codehaus/groovy/groovy/3.0.2/groovy-3.0.2.jar:/Users/jordisola/.m2/repository/org/codehaus/groovy/groovy-xml/3.0.2/groovy-xml-3.0.2.jar:/Users/jordisola/.m2/repository/org/apache/httpcomponents/httpclient/4.5.13.redhat-00001/httpclient-4.5.13.redhat-00001.jar:/Users/jordisola/.m2/repository/org/apache/httpcomponents/httpcore/4.4.13.redhat-00001/httpcore-4.4.13.redhat-00001.jar:/Users/jordisola/.m2/repository/commons-codec/commons-codec/1.14.0.redhat-00001/commons-codec-1.14.0.redhat-00001.jar:/Users/jordisola/.m2/repository/org/apache/httpcomponents/httpmime/4.5.3/httpmime-4.5.3.jar:/Users/jordisola/.m2/repository/org/hamcrest/hamcrest/2.1/hamcrest-2.1.jar:/Users/jordisola/.m2/repository/org/ccil/cowan/tagsoup/tagsoup/1.2.1/tagsoup-1.2.1.jar:/Users/jordisola/.m2/repository/io/rest-assured/json-path/4.3.0/json-path-4.3.0.jar:/Users/jordisola/.m2/repository/org/codehaus/groovy/groovy-json/3.0.2/groovy-json-3.0.2.jar:/Users/jordisola/.m2/repository/io/rest-assured/rest-assured-common/4.3.0/rest-assured-common-4.3.0.jar:/Users/jordisola/.m2/repository/io/rest-assured/xml-path/4.3.0/xml-path-4.3.0.jar:/Users/jordisola/.m2/repository/org/apache/commons/commons-lang3/3.9.0.redhat-00001/commons-lang3-3.9.0.redhat-00001.jar:/Users/jordisola/.m2/repository/jakarta/xml/bind/jakarta.xml.bind-api/2.3.2/jakarta.xml.bind-api-2.3.2.jar:/Users/jordisola/.m2/repository/jakarta/activation/jakarta.activation-api/1.2.1.redhat-00002/jakarta.activation-api-1.2.1.redhat-00002.jar:/Users/jordisola/.m2/repository/org/apache/sling/org.apache.sling.javax.activation/0.1.0/org.apache.sling.javax.activation-0.1.0.jar:"/>
    <property name="sun.cpu.endian" value="little"/>
    <property name="user.home" value="/Users/jordisola"/>
    <property name="user.language" value="en"/>
    <property name="java.specification.vendor" value="Oracle Corporation"/>
    <property name="io.netty.allocator.maxOrder" value="1"/>
    <property name="java.version.date" value="2020-10-20"/>
    <property name="java.home" value="/Users/jordisola/.sdkman/candidates/java/20.3.0.r11-grl"/>
    <property name="file.separator" value="/"/>
    <property name="basedir" value="/Users/jordisola/Projects/RedHatTraining/DO400-apps/calculator-monolith-solution"/>
    <property name="java.vm.compressedOopsMode" value="Zero based"/>
    <property name="line.separator" value="&#10;"/>
    <property name="jdk.internal.vm.ci.enabled" value="true"/>
    <property name="java.specification.name" value="Java Platform API Specification"/>
    <property name="java.vm.specification.vendor" value="Oracle Corporation"/>
    <property name="java.awt.graphicsenv" value="sun.awt.CGraphicsEnvironment"/>
    <property name="surefire.real.class.path" value="/Users/jordisola/Projects/RedHatTraining/DO400-apps/calculator-monolith-solution/target/surefire/surefirebooter6899247560759347773.jar"/>
    <property name="sun.management.compiler" value="HotSpot 64-Bit Tiered Compilers"/>
    <property name="ftp.nonProxyHosts" value="local|*.local|169.254/16|*.169.254/16"/>
    <property name="java.runtime.version" value="11.0.9+10-jvmci-20.3-b06"/>
    <property name="user.name" value="jordisola"/>
    <property name="path.separator" value=":"/>
    <property name="os.version" value="10.16"/>
    <property name="java.runtime.name" value="OpenJDK Runtime Environment"/>
    <property name="file.encoding" value="UTF-8"/>
    <property name="sun.nio.ch.bugLevel" value=""/>
    <property name="java.vm.name" value="OpenJDK 64-Bit Server VM"/>
    <property name="java.vendor.version" value="GraalVM CE 20.3.0"/>
    <property name="io.netty.noJdkZlibDecoder" value="false"/>
    <property name="localRepository" value="/Users/jordisola/.m2/repository"/>
    <property name="java.vendor.url.bug" value="https://github.com/oracle/graal/issues"/>
    <property name="java.io.tmpdir" value="/var/folders/1p/c483x6194vz3sycqlwrrjskr0000gn/T/"/>
    <property name="quarkus.log.file.path" value="target/quarkus.log"/>
    <property name="java.version" value="11.0.9"/>
    <property name="user.dir" value="/Users/jordisola/Projects/RedHatTraining/DO400-apps/calculator-monolith-solution"/>
    <property name="os.arch" value="x86_64"/>
    <property name="java.vm.specification.name" value="Java Virtual Machine Specification"/>
    <property name="vertx.disableDnsResolver" value="true"/>
    <property name="java.awt.printerjob" value="sun.lwawt.macosx.CPrinterJob"/>
    <property name="sun.os.patch.level" value="unknown"/>
    <property name="java.util.logging.manager" value="org.jboss.logmanager.LogManager"/>
    <property name="java.library.path" value="/Users/jordisola/Library/Java/Extensions:/Library/Java/Extensions:/Network/Library/Java/Extensions:/System/Library/Java/Extensions:/usr/lib/java:."/>
    <property name="java.vm.info" value="mixed mode, sharing"/>
    <property name="java.vendor" value="GraalVM Community"/>
    <property name="java.vm.version" value="11.0.9+10-jvmci-20.3-b06"/>
    <property name="sun.io.unicode.encoding" value="UnicodeBig"/>
    <property name="io.netty.machineId" value="10:a9:a8:f9:5b:6e:8b:bf"/>
    <property name="java.class.version" value="55.0"/>
    <property name="socksNonProxyHosts" value="local|*.local|169.254/16|*.169.254/16"/>
  </properties>
  <testcase name="simple_addition" classname="com.redhat.training.operation.MultiplyTest" time="0.419">
    <system-out><![CDATA[2021-02-25 11:42:59,219 INFO  [io.quarkus] (main) Quarkus 1.7.6.Final-redhat-00014 on JVM started in 1.731s. Listening on: http://0.0.0.0:8081
2021-02-25 11:42:59,234 INFO  [io.quarkus] (main) Profile test activated. 
2021-02-25 11:42:59,234 INFO  [io.quarkus] (main) Installed features: [cdi, resteasy]
2021-02-25 11:42:59,639 INFO  [com.red.tra.SolverResource] (main) Solving '4'
2021-02-25 11:42:59,640 INFO  [com.red.tra.SolverResource] (main) Solved '4 = 4.0'
2021-02-25 11:42:59,640 INFO  [com.red.tra.SolverResource] (main) Solving '5'
2021-02-25 11:42:59,641 INFO  [com.red.tra.SolverResource] (main) Solved '5 = 5.0'
]]></system-out>
  </testcase>
  <testcase name="unparseable_operation" classname="com.redhat.training.operation.MultiplyTest" time="0.001"/>
</testsuite>